No of cpu: 8
About to do some arithmetic
0. About to sleep
About to do some arithmetic
1. About to sleep
About to do some arithmetic
2. About to sleep
About to do some arithmetic
3. About to sleep
About to do some arithmetic
4. About to sleep
About to do some arithmetic
5. About to sleep
About to do some arithmetic
6. About to sleep
About to do some arithmetic
7. About to sleep
About to do some arithmetic
8. About to sleep
About to do some arithmetic
9. About to sleep
About to do some arithmetic
0. About to sleep
About to do some arithmetic
1. About to sleep
About to do some arithmetic
2. About to sleep
About to do some arithmetic
3. About to sleep
About to do some arithmetic
4. About to sleep
About to do some arithmetic
5. About to sleep
About to do some arithmetic
6. About to sleep
About to do some arithmetic
7. About to sleep
About to do some arithmetic
8. About to sleep
About to do some arithmetic
9. About to sleep
About to do some arithmetic
0. About to sleep
About to do some arithmetic
1. About to sleep
About to do some arithmetic
2. About to sleep
About to do some arithmetic
3. About to sleep
About to do some arithmetic
4. About to sleep
About to do some arithmetic
5. About to sleep
About to do some arithmetic
6. About to sleep
About to do some arithmetic
7. About to sleep
About to do some arithmetic
8. About to sleep
About to do some arithmetic
9. About to sleep
About to do some arithmetic
0. About to sleep
About to do some arithmetic
1. About to sleep
About to do some arithmetic
2. About to sleep
About to do some arithmetic
3. About to sleep
About to do some arithmetic
4. About to sleep
About to do some arithmetic
5. About to sleep
About to do some arithmetic
6. About to sleep
About to do some arithmetic
7. About to sleep
About to do some arithmetic
8. About to sleep
About to do some arithmetic
9. About to sleep
About to do some arithmetic
0. About to sleep
About to do some arithmetic
1. About to sleep
About to do some arithmetic
2. About to sleep
About to do some arithmetic
3. About to sleep
About to do some arithmetic
4. About to sleep
About to do some arithmetic
5. About to sleep
About to do some arithmetic
6. About to sleep
About to do some arithmetic
7. About to sleep
About to do some arithmetic
8. About to sleep
About to do some arithmetic
9. About to sleep
About to do some arithmetic
0. About to sleep
About to do some arithmetic
1. About to sleep
About to do some arithmetic
2. About to sleep
About to do some arithmetic
3. About to sleep
About to do some arithmetic
4. About to sleep
About to do some arithmetic
5. About to sleep
About to do some arithmetic
6. About to sleep
About to do some arithmetic
7. About to sleep
About to do some arithmetic
8. About to sleep
About to do some arithmetic
9. About to sleep
About to do some arithmetic
0. About to sleep
About to do some arithmetic
1. About to sleep
About to do some arithmetic
2. About to sleep
About to do some arithmetic
3. About to sleep
About to do some arithmetic
4. About to sleep
About to do some arithmetic
5. About to sleep
About to do some arithmetic
6. About to sleep
About to do some arithmetic
7. About to sleep
About to do some arithmetic
8. About to sleep
About to do some arithmetic
9. About to sleep
About to do some arithmetic
0. About to sleep
About to do some arithmetic
1. About to sleep
About to do some arithmetic
2. About to sleep
About to do some arithmetic
3. About to sleep
About to do some arithmetic
4. About to sleep
About to do some arithmetic
5. About to sleep
About to do some arithmetic
6. About to sleep
About to do some arithmetic
7. About to sleep
About to do some arithmetic
8. About to sleep
About to do some arithmetic
9. About to sleep
No of cpu: 8
About to do some arithmetic
0. About to sleep
About to do some arithmetic
1. About to sleep
About to do some arithmetic
2. About to sleep
About to do some arithmetic
3. About to sleep
About to do some arithmetic
4. About to sleep
About to do some arithmetic
5. About to sleep
About to do some arithmetic
6. About to sleep
About to do some arithmetic
7. About to sleep
About to do some arithmetic
8. About to sleep
About to do some arithmetic
9. About to sleep
About to do some arithmetic
0. About to sleep
About to do some arithmetic
1. About to sleep
About to do some arithmetic
2. About to sleep
About to do some arithmetic
3. About to sleep
About to do some arithmetic
4. About to sleep
About to do some arithmetic
5. About to sleep
About to do some arithmetic
6. About to sleep
About to do some arithmetic
7. About to sleep
About to do some arithmetic
8. About to sleep
About to do some arithmetic
9. About to sleep
About to do some arithmetic
0. About to sleep
About to do some arithmetic
1. About to sleep
About to do some arithmetic
2. About to sleep
About to do some arithmetic
3. About to sleep
About to do some arithmetic
4. About to sleep
About to do some arithmetic
5. About to sleep
About to do some arithmetic
6. About to sleep
About to do some arithmetic
7. About to sleep
About to do some arithmetic
8. About to sleep
About to do some arithmetic
9. About to sleep
About to do some arithmetic
0. About to sleep
About to do some arithmetic
1. About to sleep
About to do some arithmetic
2. About to sleep
About to do some arithmetic
3. About to sleep
About to do some arithmetic
4. About to sleep
About to do some arithmetic
5. About to sleep
About to do some arithmetic
6. About to sleep
About to do some arithmetic
7. About to sleep
About to do some arithmetic
8. About to sleep
About to do some arithmetic
9. About to sleep
About to do some arithmetic
0. About to sleep
About to do some arithmetic
1. About to sleep
About to do some arithmetic
2. About to sleep
About to do some arithmetic
3. About to sleep
About to do some arithmetic
4. About to sleep
About to do some arithmetic
5. About to sleep
About to do some arithmetic
6. About to sleep
About to do some arithmetic
7. About to sleep
About to do some arithmetic
8. About to sleep
About to do some arithmetic
9. About to sleep
About to do some arithmetic
0. About to sleep
About to do some arithmetic
1. About to sleep
About to do some arithmetic
2. About to sleep
About to do some arithmetic
3. About to sleep
About to do some arithmetic
4. About to sleep
About to do some arithmetic
5. About to sleep
About to do some arithmetic
6. About to sleep
About to do some arithmetic
7. About to sleep
About to do some arithmetic
8. About to sleep
About to do some arithmetic
9. About to sleep
About to do some arithmetic
0. About to sleep
About to do some arithmetic
1. About to sleep
About to do some arithmetic
2. About to sleep
About to do some arithmetic
3. About to sleep
About to do some arithmetic
4. About to sleep
About to do some arithmetic
5. About to sleep
About to do some arithmetic
6. About to sleep
About to do some arithmetic
7. About to sleep
About to do some arithmetic
8. About to sleep
About to do some arithmetic
9. About to sleep
About to do some arithmetic
0. About to sleep
About to do some arithmetic
1. About to sleep
About to do some arithmetic
2. About to sleep
About to do some arithmetic
3. About to sleep
About to do some arithmetic
4. About to sleep
About to do some arithmetic
5. About to sleep
About to do some arithmetic
6. About to sleep
About to do some arithmetic
7. About to sleep
About to do some arithmetic
8. About to sleep
About to do some arithmetic
9. About to sleep
No of cpu: 8
Traceback (most recent call last):
  File "/home/aistudent/first/second/third/thirdpyfile.txt", line 24, in <module>
    process.join()        
  File "/usr/lib/python3.10/multiprocessing/process.py", line 149, in join
    res = self._popen.wait(timeout)
  File "/usr/lib/python3.10/multiprocessing/popen_fork.py", line 43, in wait
    return self.poll(os.WNOHANG if timeout == 0.0 else 0)
  File "/usr/lib/python3.10/multiprocessing/popen_fork.py", line 27, in poll
    pid, sts = os.waitpid(self.pid, flag)
KeyboardInterrupt
Process Process-1:
Process Process-8:
Process Process-3:
Process Process-6:
Process Process-7:
Process Process-4:
Process Process-2:
Traceback (most recent call last):
Traceback (most recent call last):
Traceback (most recent call last):
Traceback (most recent call last):
Traceback (most recent call last):
Traceback (most recent call last):
  File "/usr/lib/python3.10/multiprocessing/process.py", line 314, in _bootstrap
    self.run()
  File "/usr/lib/python3.10/multiprocessing/process.py", line 314, in _bootstrap
    self.run()
  File "/usr/lib/python3.10/multiprocessing/process.py", line 108, in run
    self._target(*self._args, **self._kwargs)
  File "/usr/lib/python3.10/multiprocessing/process.py", line 314, in _bootstrap
    self.run()
  File "/usr/lib/python3.10/multiprocessing/process.py", line 314, in _bootstrap
    self.run()
  File "/usr/lib/python3.10/multiprocessing/process.py", line 108, in run
    self._target(*self._args, **self._kwargs)
  File "/home/aistudent/first/second/third/thirdpyfile.txt", line 9, in generate_cpu_load
    a = math.sqrt(64*64*64*64*64)
  File "/usr/lib/python3.10/multiprocessing/process.py", line 314, in _bootstrap
    self.run()
  File "/usr/lib/python3.10/multiprocessing/process.py", line 314, in _bootstrap
    self.run()
  File "/usr/lib/python3.10/multiprocessing/process.py", line 108, in run
    self._target(*self._args, **self._kwargs)
  File "/usr/lib/python3.10/multiprocessing/process.py", line 108, in run
    self._target(*self._args, **self._kwargs)
  File "/home/aistudent/first/second/third/thirdpyfile.txt", line 9, in generate_cpu_load
    a = math.sqrt(64*64*64*64*64)
  File "/usr/lib/python3.10/multiprocessing/process.py", line 108, in run
    self._target(*self._args, **self._kwargs)
KeyboardInterrupt
  File "/usr/lib/python3.10/multiprocessing/process.py", line 108, in run
    self._target(*self._args, **self._kwargs)
  File "/home/aistudent/first/second/third/thirdpyfile.txt", line 9, in generate_cpu_load
    a = math.sqrt(64*64*64*64*64)
  File "/home/aistudent/first/second/third/thirdpyfile.txt", line 8, in generate_cpu_load
    while time.time()-start_time < utilization/100.0:
  File "/home/aistudent/first/second/third/thirdpyfile.txt", line 8, in generate_cpu_load
    while time.time()-start_time < utilization/100.0:
  File "/home/aistudent/first/second/third/thirdpyfile.txt", line 9, in generate_cpu_load
    a = math.sqrt(64*64*64*64*64)
KeyboardInterrupt
KeyboardInterrupt
KeyboardInterrupt
KeyboardInterrupt
KeyboardInterrupt
About to do some arithmetic
0. About to sleep
About to do some arithmetic
1. About to sleep
About to do some arithmetic
2. About to sleep
About to do some arithmetic
Traceback (most recent call last):
About to do some arithmetic
0. About to sleep
About to do some arithmetic
1. About to sleep
About to do some arithmetic
2. About to sleep
About to do some arithmetic
About to do some arithmetic
0. About to sleep
About to do some arithmetic
1. About to sleep
About to do some arithmetic
2. About to sleep
About to do some arithmetic
About to do some arithmetic
0. About to sleep
About to do some arithmetic
1. About to sleep
About to do some arithmetic
2. About to sleep
About to do some arithmetic
About to do some arithmetic
0. About to sleep
About to do some arithmetic
1. About to sleep
About to do some arithmetic
2. About to sleep
About to do some arithmetic
About to do some arithmetic
0. About to sleep
About to do some arithmetic
1. About to sleep
About to do some arithmetic
2. About to sleep
About to do some arithmetic
  File "/usr/lib/python3.10/multiprocessing/process.py", line 314, in _bootstrap
    self.run()
  File "/usr/lib/python3.10/multiprocessing/process.py", line 108, in run
    self._target(*self._args, **self._kwargs)
  File "/home/aistudent/first/second/third/thirdpyfile.txt", line 8, in generate_cpu_load
    while time.time()-start_time < utilization/100.0:
KeyboardInterrupt
About to do some arithmetic
0. About to sleep
About to do some arithmetic
1. About to sleep
About to do some arithmetic
2. About to sleep
About to do some arithmetic
Process Process-5:
Traceback (most recent call last):
  File "/usr/lib/python3.10/multiprocessing/process.py", line 314, in _bootstrap
    self.run()
  File "/usr/lib/python3.10/multiprocessing/process.py", line 108, in run
    self._target(*self._args, **self._kwargs)
  File "/home/aistudent/first/second/third/thirdpyfile.txt", line 9, in generate_cpu_load
    a = math.sqrt(64*64*64*64*64)
KeyboardInterrupt
About to do some arithmetic
0. About to sleep
About to do some arithmetic
1. About to sleep
About to do some arithmetic
2. About to sleep
About to do some arithmetic
No of cpu: 8
About to do some arithmetic
0. About to sleep
About to do some arithmetic
1. About to sleep
About to do some arithmetic
2. About to sleep
About to do some arithmetic
3. About to sleep
About to do some arithmetic
4. About to sleep
About to do some arithmetic
5. About to sleep
About to do some arithmetic
6. About to sleep
About to do some arithmetic
7. About to sleep
About to do some arithmetic
8. About to sleep
About to do some arithmetic
9. About to sleep
About to do some arithmetic
0. About to sleep
About to do some arithmetic
1. About to sleep
About to do some arithmetic
2. About to sleep
About to do some arithmetic
3. About to sleep
About to do some arithmetic
4. About to sleep
About to do some arithmetic
5. About to sleep
About to do some arithmetic
6. About to sleep
About to do some arithmetic
7. About to sleep
About to do some arithmetic
8. About to sleep
About to do some arithmetic
9. About to sleep
About to do some arithmetic
0. About to sleep
About to do some arithmetic
1. About to sleep
About to do some arithmetic
2. About to sleep
About to do some arithmetic
3. About to sleep
About to do some arithmetic
4. About to sleep
About to do some arithmetic
5. About to sleep
About to do some arithmetic
6. About to sleep
About to do some arithmetic
7. About to sleep
About to do some arithmetic
8. About to sleep
About to do some arithmetic
9. About to sleep
About to do some arithmetic
0. About to sleep
About to do some arithmetic
1. About to sleep
About to do some arithmetic
2. About to sleep
About to do some arithmetic
3. About to sleep
About to do some arithmetic
4. About to sleep
About to do some arithmetic
5. About to sleep
About to do some arithmetic
6. About to sleep
About to do some arithmetic
7. About to sleep
About to do some arithmetic
8. About to sleep
About to do some arithmetic
9. About to sleep
About to do some arithmetic
0. About to sleep
About to do some arithmetic
1. About to sleep
About to do some arithmetic
2. About to sleep
About to do some arithmetic
3. About to sleep
About to do some arithmetic
4. About to sleep
About to do some arithmetic
5. About to sleep
About to do some arithmetic
6. About to sleep
About to do some arithmetic
7. About to sleep
About to do some arithmetic
8. About to sleep
About to do some arithmetic
9. About to sleep
About to do some arithmetic
0. About to sleep
About to do some arithmetic
1. About to sleep
About to do some arithmetic
2. About to sleep
About to do some arithmetic
3. About to sleep
About to do some arithmetic
4. About to sleep
About to do some arithmetic
5. About to sleep
About to do some arithmetic
6. About to sleep
About to do some arithmetic
7. About to sleep
About to do some arithmetic
8. About to sleep
About to do some arithmetic
9. About to sleep
About to do some arithmetic
0. About to sleep
About to do some arithmetic
1. About to sleep
About to do some arithmetic
2. About to sleep
About to do some arithmetic
3. About to sleep
About to do some arithmetic
4. About to sleep
About to do some arithmetic
5. About to sleep
About to do some arithmetic
6. About to sleep
About to do some arithmetic
7. About to sleep
About to do some arithmetic
8. About to sleep
About to do some arithmetic
9. About to sleep
About to do some arithmetic
0. About to sleep
About to do some arithmetic
1. About to sleep
About to do some arithmetic
2. About to sleep
About to do some arithmetic
3. About to sleep
About to do some arithmetic
4. About to sleep
About to do some arithmetic
5. About to sleep
About to do some arithmetic
6. About to sleep
About to do some arithmetic
7. About to sleep
About to do some arithmetic
8. About to sleep
About to do some arithmetic
9. About to sleep
No of cpu: 8
About to do some arithmetic
0. About to sleep
About to do some arithmetic
1. About to sleep
About to do some arithmetic
2. About to sleep
About to do some arithmetic
3. About to sleep
About to do some arithmetic
4. About to sleep
About to do some arithmetic
5. About to sleep
About to do some arithmetic
6. About to sleep
About to do some arithmetic
7. About to sleep
About to do some arithmetic
8. About to sleep
About to do some arithmetic
9. About to sleep
About to do some arithmetic
0. About to sleep
About to do some arithmetic
1. About to sleep
About to do some arithmetic
2. About to sleep
About to do some arithmetic
3. About to sleep
About to do some arithmetic
4. About to sleep
About to do some arithmetic
5. About to sleep
About to do some arithmetic
6. About to sleep
About to do some arithmetic
7. About to sleep
About to do some arithmetic
8. About to sleep
About to do some arithmetic
9. About to sleep
About to do some arithmetic
0. About to sleep
About to do some arithmetic
1. About to sleep
About to do some arithmetic
2. About to sleep
About to do some arithmetic
3. About to sleep
About to do some arithmetic
4. About to sleep
About to do some arithmetic
5. About to sleep
About to do some arithmetic
6. About to sleep
About to do some arithmetic
7. About to sleep
About to do some arithmetic
8. About to sleep
About to do some arithmetic
9. About to sleep
About to do some arithmetic
0. About to sleep
About to do some arithmetic
1. About to sleep
About to do some arithmetic
2. About to sleep
About to do some arithmetic
3. About to sleep
About to do some arithmetic
4. About to sleep
About to do some arithmetic
5. About to sleep
About to do some arithmetic
6. About to sleep
About to do some arithmetic
7. About to sleep
About to do some arithmetic
8. About to sleep
About to do some arithmetic
9. About to sleep
About to do some arithmetic
0. About to sleep
About to do some arithmetic
1. About to sleep
About to do some arithmetic
2. About to sleep
About to do some arithmetic
3. About to sleep
About to do some arithmetic
4. About to sleep
About to do some arithmetic
5. About to sleep
About to do some arithmetic
6. About to sleep
About to do some arithmetic
7. About to sleep
About to do some arithmetic
8. About to sleep
About to do some arithmetic
9. About to sleep
About to do some arithmetic
0. About to sleep
About to do some arithmetic
1. About to sleep
About to do some arithmetic
2. About to sleep
About to do some arithmetic
3. About to sleep
About to do some arithmetic
4. About to sleep
About to do some arithmetic
5. About to sleep
About to do some arithmetic
6. About to sleep
About to do some arithmetic
7. About to sleep
About to do some arithmetic
8. About to sleep
About to do some arithmetic
9. About to sleep
About to do some arithmetic
0. About to sleep
About to do some arithmetic
1. About to sleep
About to do some arithmetic
2. About to sleep
About to do some arithmetic
3. About to sleep
About to do some arithmetic
4. About to sleep
About to do some arithmetic
5. About to sleep
About to do some arithmetic
6. About to sleep
About to do some arithmetic
7. About to sleep
About to do some arithmetic
8. About to sleep
About to do some arithmetic
9. About to sleep
About to do some arithmetic
0. About to sleep
About to do some arithmetic
1. About to sleep
About to do some arithmetic
2. About to sleep
About to do some arithmetic
3. About to sleep
About to do some arithmetic
4. About to sleep
About to do some arithmetic
5. About to sleep
About to do some arithmetic
6. About to sleep
About to do some arithmetic
7. About to sleep
About to do some arithmetic
8. About to sleep
About to do some arithmetic
9. About to sleep
No of cpu: 8
Traceback (most recent call last):
  File "/home/aistudent/first/second/third/thirdpyfile.txt", line 24, in <module>
    process.join()        
  File "/usr/lib/python3.10/multiprocessing/process.py", line 149, in join
    res = self._popen.wait(timeout)
  File "/usr/lib/python3.10/multiprocessing/popen_fork.py", line 43, in wait
    return self.poll(os.WNOHANG if timeout == 0.0 else 0)
  File "/usr/lib/python3.10/multiprocessing/popen_fork.py", line 27, in poll
    pid, sts = os.waitpid(self.pid, flag)
KeyboardInterrupt
Process Process-8:
Process Process-5:
Process Process-3:
Process Process-1:
Traceback (most recent call last):
Traceback (most recent call last):
Traceback (most recent call last):
  File "/usr/lib/python3.10/multiprocessing/process.py", line 314, in _bootstrap
    self.run()
  File "/usr/lib/python3.10/multiprocessing/process.py", line 108, in run
    self._target(*self._args, **self._kwargs)
Process Process-2:
  File "/usr/lib/python3.10/multiprocessing/process.py", line 314, in _bootstrap
    self.run()
  File "/home/aistudent/first/second/third/thirdpyfile.txt", line 9, in generate_cpu_load
    a = math.sqrt(64*64*64*64*64)
  File "/usr/lib/python3.10/multiprocessing/process.py", line 314, in _bootstrap
    self.run()
  File "/usr/lib/python3.10/multiprocessing/process.py", line 108, in run
    self._target(*self._args, **self._kwargs)
  File "/usr/lib/python3.10/multiprocessing/process.py", line 108, in run
    self._target(*self._args, **self._kwargs)
  File "/home/aistudent/first/second/third/thirdpyfile.txt", line 9, in generate_cpu_load
    a = math.sqrt(64*64*64*64*64)
  File "/home/aistudent/first/second/third/thirdpyfile.txt", line 8, in generate_cpu_load
    while time.time()-start_time < utilization/100.0:
KeyboardInterrupt
KeyboardInterrupt
KeyboardInterrupt
About to do some arithmetic
0. About to sleep
About to do some arithmetic
1. About to sleep
About to do some arithmetic
2. About to sleep
About to do some arithmetic
About to do some arithmetic
0. About to sleep
About to do some arithmetic
1. About to sleep
About to do some arithmetic
2. About to sleep
About to do some arithmetic
About to do some arithmetic
0. About to sleep
About to do some arithmetic
1. About to sleep
About to do some arithmetic
2. About to sleep
About to do some arithmetic
Process Process-7:
Process Process-6:
Traceback (most recent call last):
  File "/usr/lib/python3.10/multiprocessing/process.py", line 314, in _bootstrap
    self.run()
  File "/usr/lib/python3.10/multiprocessing/process.py", line 108, in run
    self._target(*self._args, **self._kwargs)
  File "/home/aistudent/first/second/third/thirdpyfile.txt", line 8, in generate_cpu_load
    while time.time()-start_time < utilization/100.0:
Traceback (most recent call last):
KeyboardInterrupt
  File "/usr/lib/python3.10/multiprocessing/process.py", line 314, in _bootstrap
    self.run()
  File "/usr/lib/python3.10/multiprocessing/process.py", line 108, in run
    self._target(*self._args, **self._kwargs)
About to do some arithmetic
0. About to sleep
About to do some arithmetic
1. About to sleep
About to do some arithmetic
2. About to sleep
About to do some arithmetic
  File "/home/aistudent/first/second/third/thirdpyfile.txt", line 9, in generate_cpu_load
    a = math.sqrt(64*64*64*64*64)
KeyboardInterrupt
About to do some arithmetic
0. About to sleep
About to do some arithmetic
1. About to sleep
About to do some arithmetic
2. About to sleep
About to do some arithmetic
Traceback (most recent call last):
  File "/usr/lib/python3.10/multiprocessing/process.py", line 314, in _bootstrap
    self.run()
  File "/usr/lib/python3.10/multiprocessing/process.py", line 108, in run
    self._target(*self._args, **self._kwargs)
Traceback (most recent call last):
  File "/home/aistudent/first/second/third/thirdpyfile.txt", line 8, in generate_cpu_load
    while time.time()-start_time < utilization/100.0:
KeyboardInterrupt
  File "/usr/lib/python3.10/multiprocessing/process.py", line 314, in _bootstrap
    self.run()
  File "/usr/lib/python3.10/multiprocessing/process.py", line 108, in run
    self._target(*self._args, **self._kwargs)
  File "/home/aistudent/first/second/third/thirdpyfile.txt", line 8, in generate_cpu_load
    while time.time()-start_time < utilization/100.0:
About to do some arithmetic
0. About to sleep
About to do some arithmetic
1. About to sleep
About to do some arithmetic
2. About to sleep
About to do some arithmetic
KeyboardInterrupt
About to do some arithmetic
0. About to sleep
About to do some arithmetic
1. About to sleep
About to do some arithmetic
2. About to sleep
About to do some arithmetic
Process Process-4:
Traceback (most recent call last):
  File "/usr/lib/python3.10/multiprocessing/process.py", line 314, in _bootstrap
    self.run()
  File "/usr/lib/python3.10/multiprocessing/process.py", line 108, in run
    self._target(*self._args, **self._kwargs)
  File "/home/aistudent/first/second/third/thirdpyfile.txt", line 9, in generate_cpu_load
    a = math.sqrt(64*64*64*64*64)
KeyboardInterrupt
About to do some arithmetic
0. About to sleep
About to do some arithmetic
1. About to sleep
About to do some arithmetic
2. About to sleep
About to do some arithmetic
